{
  "RSpec": {
    "coverage": {
      "/Users/Henny/Development/CraftAcademy/checkout-challenge/spec/checkout_spec.rb": [
        1,
        null,
        1,
        null,
        2,
        1,
        0,
        null,
        null,
        1,
        null,
        null,
        null,
        1,
        1,
        null,
        1,
        0,
        null,
        null,
        1,
        0,
        null,
        null,
        1,
        null,
        1,
        1,
        1,
        1,
        1,
        null,
        null,
        1,
        1,
        null,
        null,
        1,
        0,
        null,
        null,
        null,
        1,
        1,
        0,
        0,
        0,
        null,
        null,
        1,
        0,
        null,
        null,
        null
      ],
      "/Users/Henny/Development/CraftAcademy/checkout-challenge/lib/checkout.rb": [
        1,
        null,
        1,
        null,
        1,
        null,
        1,
        null,
        1,
        1,
        1,
        1,
        null,
        null,
        1,
        5,
        null,
        null,
        5,
        5,
        15,
        null,
        5,
        null,
        null,
        null,
        null,
        null,
        null
      ]
    },
    "timestamp": 1471094422
  }
}
