{
  "RSpec": {
    "coverage": {
      "/Users/Henny/Development/CraftAcademy/checkout-challenge/spec/checkout_spec.rb": [
        1,
        null,
        1,
        null,
        7,
        1,
        1,
        null,
        null,
        1,
        null,
        null,
        null,
        1,
        null,
        3,
        null,
        1,
        1,
        null,
        null,
        1,
        1,
        null,
        null,
        1,
        null,
        1,
        2,
        2,
        2,
        2,
        null,
        null,
        1,
        1,
        null,
        null,
        1,
        1,
        null,
        null,
        null,
        1,
        1,
        1,
        1,
        null,
        null,
        null,
        null,
        null,
        null,
        1,
        1,
        null,
        null,
        null,
        null,
        null,
        null,
        null
      ],
      "/Users/Henny/Development/CraftAcademy/checkout-challenge/lib/checkout.rb": [
        1,
        null,
        1,
        null,
        1,
        null,
        1,
        null,
        6,
        6,
        6,
        6,
        null,
        null,
        1,
        12,
        null,
        null,
        12,
        37,
        null,
        null,
        null,
        12,
        1,
        null,
        null,
        12,
        12,
        25,
        null,
        null,
        12,
        null,
        null,
        1,
        1,
        1,
        2,
        2,
        null,
        null,
        null,
        null,
        null,
        null,
        null
      ]
    },
    "timestamp": 1471097163
  }
}
